==1552== Memcheck, a memory error detector
==1552== Copyright (C) 2002-2017, and GNU GPL'd, by Julian Seward et al.
==1552== Using Valgrind-3.17.0 and LibVEX; rerun with -h for copyright info
==1552== Command: ./test.out
==1552== Parent PID: 7
==1552== 
==1553== 
==1553== HEAP SUMMARY:
==1553==     in use at exit: 2,220 bytes in 41 blocks
==1553==   total heap usage: 54 allocs, 13 frees, 2,546 bytes allocated
==1553== 
==1553== LEAK SUMMARY:
==1553==    definitely lost: 0 bytes in 0 blocks
==1553==    indirectly lost: 0 bytes in 0 blocks
==1553==      possibly lost: 0 bytes in 0 blocks
==1553==    still reachable: 2,220 bytes in 41 blocks
==1553==         suppressed: 0 bytes in 0 blocks
==1553== Reachable blocks (those to which a pointer was found) are not shown.
==1553== To see them, rerun with: --leak-check=full --show-leak-kinds=all
==1553== 
==1553== For lists of detected and suppressed errors, rerun with: -s
==1553== ERROR SUMMARY: 0 errors from 0 contexts (suppressed: 0 from 0)
==1554== 
==1554== HEAP SUMMARY:
==1554==     in use at exit: 2,294 bytes in 44 blocks
==1554==   total heap usage: 64 allocs, 20 frees, 12,297 bytes allocated
==1554== 
==1554== LEAK SUMMARY:
==1554==    definitely lost: 0 bytes in 0 blocks
==1554==    indirectly lost: 0 bytes in 0 blocks
==1554==      possibly lost: 0 bytes in 0 blocks
==1554==    still reachable: 2,294 bytes in 44 blocks
==1554==         suppressed: 0 bytes in 0 blocks
==1554== Reachable blocks (those to which a pointer was found) are not shown.
==1554== To see them, rerun with: --leak-check=full --show-leak-kinds=all
==1554== 
==1554== For lists of detected and suppressed errors, rerun with: -s
==1554== ERROR SUMMARY: 0 errors from 0 contexts (suppressed: 0 from 0)
==1555== 
==1555== HEAP SUMMARY:
==1555==     in use at exit: 2,376 bytes in 47 blocks
==1555==   total heap usage: 75 allocs, 28 frees, 22,056 bytes allocated
==1555== 
==1555== LEAK SUMMARY:
==1555==    definitely lost: 0 bytes in 0 blocks
==1555==    indirectly lost: 0 bytes in 0 blocks
==1555==      possibly lost: 0 bytes in 0 blocks
==1555==    still reachable: 2,376 bytes in 47 blocks
==1555==         suppressed: 0 bytes in 0 blocks
==1555== Reachable blocks (those to which a pointer was found) are not shown.
==1555== To see them, rerun with: --leak-check=full --show-leak-kinds=all
==1555== 
==1555== For lists of detected and suppressed errors, rerun with: -s
==1555== ERROR SUMMARY: 0 errors from 0 contexts (suppressed: 0 from 0)
==1556== 
==1556== HEAP SUMMARY:
==1556==     in use at exit: 2,466 bytes in 50 blocks
==1556==   total heap usage: 86 allocs, 36 frees, 31,815 bytes allocated
==1556== 
==1556== LEAK SUMMARY:
==1556==    definitely lost: 0 bytes in 0 blocks
==1556==    indirectly lost: 0 bytes in 0 blocks
==1556==      possibly lost: 0 bytes in 0 blocks
==1556==    still reachable: 2,466 bytes in 50 blocks
==1556==         suppressed: 0 bytes in 0 blocks
==1556== Reachable blocks (those to which a pointer was found) are not shown.
==1556== To see them, rerun with: --leak-check=full --show-leak-kinds=all
==1556== 
==1556== For lists of detected and suppressed errors, rerun with: -s
==1556== ERROR SUMMARY: 0 errors from 0 contexts (suppressed: 0 from 0)
==1557== 
==1557== HEAP SUMMARY:
==1557==     in use at exit: 2,540 bytes in 53 blocks
==1557==   total heap usage: 96 allocs, 43 frees, 42,734 bytes allocated
==1557== 
==1557== LEAK SUMMARY:
==1557==    definitely lost: 0 bytes in 0 blocks
==1557==    indirectly lost: 0 bytes in 0 blocks
==1557==      possibly lost: 0 bytes in 0 blocks
==1557==    still reachable: 2,540 bytes in 53 blocks
==1557==         suppressed: 0 bytes in 0 blocks
==1557== Reachable blocks (those to which a pointer was found) are not shown.
==1557== To see them, rerun with: --leak-check=full --show-leak-kinds=all
==1557== 
==1557== For lists of detected and suppressed errors, rerun with: -s
==1557== ERROR SUMMARY: 0 errors from 0 contexts (suppressed: 0 from 0)
==1558== 
==1558== HEAP SUMMARY:
==1558==     in use at exit: 2,646 bytes in 56 blocks
==1558==   total heap usage: 108 allocs, 52 frees, 51,269 bytes allocated
==1558== 
==1558== LEAK SUMMARY:
==1558==    definitely lost: 0 bytes in 0 blocks
==1558==    indirectly lost: 0 bytes in 0 blocks
==1558==      possibly lost: 0 bytes in 0 blocks
==1558==    still reachable: 2,646 bytes in 56 blocks
==1558==         suppressed: 0 bytes in 0 blocks
==1558== Reachable blocks (those to which a pointer was found) are not shown.
==1558== To see them, rerun with: --leak-check=full --show-leak-kinds=all
==1558== 
==1558== For lists of detected and suppressed errors, rerun with: -s
==1558== ERROR SUMMARY: 0 errors from 0 contexts (suppressed: 0 from 0)
==1559== 
==1559== HEAP SUMMARY:
==1559==     in use at exit: 2,720 bytes in 59 blocks
==1559==   total heap usage: 118 allocs, 59 frees, 61,068 bytes allocated
==1559== 
==1559== LEAK SUMMARY:
==1559==    definitely lost: 0 bytes in 0 blocks
==1559==    indirectly lost: 0 bytes in 0 blocks
==1559==      possibly lost: 0 bytes in 0 blocks
==1559==    still reachable: 2,720 bytes in 59 blocks
==1559==         suppressed: 0 bytes in 0 blocks
==1559== Reachable blocks (those to which a pointer was found) are not shown.
==1559== To see them, rerun with: --leak-check=full --show-leak-kinds=all
==1559== 
==1559== For lists of detected and suppressed errors, rerun with: -s
==1559== ERROR SUMMARY: 0 errors from 0 contexts (suppressed: 0 from 0)
==1560== 
==1560== HEAP SUMMARY:
==1560==     in use at exit: 2,794 bytes in 62 blocks
==1560==   total heap usage: 128 allocs, 66 frees, 70,755 bytes allocated
==1560== 
==1560== LEAK SUMMARY:
==1560==    definitely lost: 0 bytes in 0 blocks
==1560==    indirectly lost: 0 bytes in 0 blocks
==1560==      possibly lost: 0 bytes in 0 blocks
==1560==    still reachable: 2,794 bytes in 62 blocks
==1560==         suppressed: 0 bytes in 0 blocks
==1560== Reachable blocks (those to which a pointer was found) are not shown.
==1560== To see them, rerun with: --leak-check=full --show-leak-kinds=all
==1560== 
==1560== For lists of detected and suppressed errors, rerun with: -s
==1560== ERROR SUMMARY: 0 errors from 0 contexts (suppressed: 0 from 0)
==1561== 
==1561== HEAP SUMMARY:
==1561==     in use at exit: 2,868 bytes in 65 blocks
==1561==   total heap usage: 136 allocs, 71 frees, 80,394 bytes allocated
==1561== 
==1561== LEAK SUMMARY:
==1561==    definitely lost: 0 bytes in 0 blocks
==1561==    indirectly lost: 0 bytes in 0 blocks
==1561==      possibly lost: 0 bytes in 0 blocks
==1561==    still reachable: 2,868 bytes in 65 blocks
==1561==         suppressed: 0 bytes in 0 blocks
==1561== Reachable blocks (those to which a pointer was found) are not shown.
==1561== To see them, rerun with: --leak-check=full --show-leak-kinds=all
==1561== 
==1561== For lists of detected and suppressed errors, rerun with: -s
==1561== ERROR SUMMARY: 0 errors from 0 contexts (suppressed: 0 from 0)
==1562== 
==1562== HEAP SUMMARY:
==1562==     in use at exit: 3,006 bytes in 68 blocks
==1562==   total heap usage: 147 allocs, 79 frees, 90,241 bytes allocated
==1562== 
==1562== LEAK SUMMARY:
==1562==    definitely lost: 0 bytes in 0 blocks
==1562==    indirectly lost: 0 bytes in 0 blocks
==1562==      possibly lost: 0 bytes in 0 blocks
==1562==    still reachable: 3,006 bytes in 68 blocks
==1562==         suppressed: 0 bytes in 0 blocks
==1562== Reachable blocks (those to which a pointer was found) are not shown.
==1562== To see them, rerun with: --leak-check=full --show-leak-kinds=all
==1562== 
==1562== For lists of detected and suppressed errors, rerun with: -s
==1562== ERROR SUMMARY: 0 errors from 0 contexts (suppressed: 0 from 0)
==1563== 
==1563== HEAP SUMMARY:
==1563==     in use at exit: 3,080 bytes in 71 blocks
==1563==   total heap usage: 157 allocs, 86 frees, 99,960 bytes allocated
==1563== 
==1563== LEAK SUMMARY:
==1563==    definitely lost: 0 bytes in 0 blocks
==1563==    indirectly lost: 0 bytes in 0 blocks
==1563==      possibly lost: 0 bytes in 0 blocks
==1563==    still reachable: 3,080 bytes in 71 blocks
==1563==         suppressed: 0 bytes in 0 blocks
==1563== Reachable blocks (those to which a pointer was found) are not shown.
==1563== To see them, rerun with: --leak-check=full --show-leak-kinds=all
==1563== 
==1563== For lists of detected and suppressed errors, rerun with: -s
==1563== ERROR SUMMARY: 0 errors from 0 contexts (suppressed: 0 from 0)
==1564== 
==1564== HEAP SUMMARY:
==1564==     in use at exit: 2,012 bytes in 35 blocks
==1564==   total heap usage: 208 allocs, 173 frees, 111,995 bytes allocated
==1564== 
==1564== LEAK SUMMARY:
==1564==    definitely lost: 0 bytes in 0 blocks
==1564==    indirectly lost: 0 bytes in 0 blocks
==1564==      possibly lost: 0 bytes in 0 blocks
==1564==    still reachable: 2,012 bytes in 35 blocks
==1564==         suppressed: 0 bytes in 0 blocks
==1564== Reachable blocks (those to which a pointer was found) are not shown.
==1564== To see them, rerun with: --leak-check=full --show-leak-kinds=all
==1564== 
==1564== For lists of detected and suppressed errors, rerun with: -s
==1564== ERROR SUMMARY: 0 errors from 0 contexts (suppressed: 0 from 0)
==1565== 
==1565== HEAP SUMMARY:
==1565==     in use at exit: 2,086 bytes in 38 blocks
==1565==   total heap usage: 218 allocs, 180 frees, 121,682 bytes allocated
==1565== 
==1565== LEAK SUMMARY:
==1565==    definitely lost: 0 bytes in 0 blocks
==1565==    indirectly lost: 0 bytes in 0 blocks
==1565==      possibly lost: 0 bytes in 0 blocks
==1565==    still reachable: 2,086 bytes in 38 blocks
==1565==         suppressed: 0 bytes in 0 blocks
==1565== Reachable blocks (those to which a pointer was found) are not shown.
==1565== To see them, rerun with: --leak-check=full --show-leak-kinds=all
==1565== 
==1565== For lists of detected and suppressed errors, rerun with: -s
==1565== ERROR SUMMARY: 0 errors from 0 contexts (suppressed: 0 from 0)
==1566== 
==1566== HEAP SUMMARY:
==1566==     in use at exit: 2,168 bytes in 41 blocks
==1566==   total heap usage: 229 allocs, 188 frees, 131,473 bytes allocated
==1566== 
==1566== LEAK SUMMARY:
==1566==    definitely lost: 0 bytes in 0 blocks
==1566==    indirectly lost: 0 bytes in 0 blocks
==1566==      possibly lost: 0 bytes in 0 blocks
==1566==    still reachable: 2,168 bytes in 41 blocks
==1566==         suppressed: 0 bytes in 0 blocks
==1566== Reachable blocks (those to which a pointer was found) are not shown.
==1566== To see them, rerun with: --leak-check=full --show-leak-kinds=all
==1566== 
==1566== For lists of detected and suppressed errors, rerun with: -s
==1566== ERROR SUMMARY: 0 errors from 0 contexts (suppressed: 0 from 0)
==1567== 
==1567== HEAP SUMMARY:
==1567==     in use at exit: 2,258 bytes in 44 blocks
==1567==   total heap usage: 240 allocs, 196 frees, 141,272 bytes allocated
==1567== 
==1567== LEAK SUMMARY:
==1567==    definitely lost: 0 bytes in 0 blocks
==1567==    indirectly lost: 0 bytes in 0 blocks
==1567==      possibly lost: 0 bytes in 0 blocks
==1567==    still reachable: 2,258 bytes in 44 blocks
==1567==         suppressed: 0 bytes in 0 blocks
==1567== Reachable blocks (those to which a pointer was found) are not shown.
==1567== To see them, rerun with: --leak-check=full --show-leak-kinds=all
==1567== 
==1567== For lists of detected and suppressed errors, rerun with: -s
==1567== ERROR SUMMARY: 0 errors from 0 contexts (suppressed: 0 from 0)
==1568== 
==1568== HEAP SUMMARY:
==1568==     in use at exit: 2,332 bytes in 47 blocks
==1568==   total heap usage: 250 allocs, 203 frees, 150,943 bytes allocated
==1568== 
==1568== LEAK SUMMARY:
==1568==    definitely lost: 0 bytes in 0 blocks
==1568==    indirectly lost: 0 bytes in 0 blocks
==1568==      possibly lost: 0 bytes in 0 blocks
==1568==    still reachable: 2,332 bytes in 47 blocks
==1568==         suppressed: 0 bytes in 0 blocks
==1568== Reachable blocks (those to which a pointer was found) are not shown.
==1568== To see them, rerun with: --leak-check=full --show-leak-kinds=all
==1568== 
==1568== For lists of detected and suppressed errors, rerun with: -s
==1568== ERROR SUMMARY: 0 errors from 0 contexts (suppressed: 0 from 0)
==1569== 
==1569== HEAP SUMMARY:
==1569==     in use at exit: 2,060 bytes in 37 blocks
==1569==   total heap usage: 304 allocs, 267 frees, 163,114 bytes allocated
==1569== 
==1569== LEAK SUMMARY:
==1569==    definitely lost: 0 bytes in 0 blocks
==1569==    indirectly lost: 0 bytes in 0 blocks
==1569==      possibly lost: 0 bytes in 0 blocks
==1569==    still reachable: 2,060 bytes in 37 blocks
==1569==         suppressed: 0 bytes in 0 blocks
==1569== Reachable blocks (those to which a pointer was found) are not shown.
==1569== To see them, rerun with: --leak-check=full --show-leak-kinds=all
==1569== 
==1569== For lists of detected and suppressed errors, rerun with: -s
==1569== ERROR SUMMARY: 0 errors from 0 contexts (suppressed: 0 from 0)
==1570== 
==1570== HEAP SUMMARY:
==1570==     in use at exit: 2,134 bytes in 40 blocks
==1570==   total heap usage: 314 allocs, 274 frees, 172,833 bytes allocated
==1570== 
==1570== LEAK SUMMARY:
==1570==    definitely lost: 0 bytes in 0 blocks
==1570==    indirectly lost: 0 bytes in 0 blocks
==1570==      possibly lost: 0 bytes in 0 blocks
==1570==    still reachable: 2,134 bytes in 40 blocks
==1570==         suppressed: 0 bytes in 0 blocks
==1570== Reachable blocks (those to which a pointer was found) are not shown.
==1570== To see them, rerun with: --leak-check=full --show-leak-kinds=all
==1570== 
==1570== For lists of detected and suppressed errors, rerun with: -s
==1570== ERROR SUMMARY: 0 errors from 0 contexts (suppressed: 0 from 0)
==1571== 
==1571== HEAP SUMMARY:
==1571==     in use at exit: 2,216 bytes in 43 blocks
==1571==   total heap usage: 325 allocs, 282 frees, 182,664 bytes allocated
==1571== 
==1571== LEAK SUMMARY:
==1571==    definitely lost: 0 bytes in 0 blocks
==1571==    indirectly lost: 0 bytes in 0 blocks
==1571==      possibly lost: 0 bytes in 0 blocks
==1571==    still reachable: 2,216 bytes in 43 blocks
==1571==         suppressed: 0 bytes in 0 blocks
==1571== Reachable blocks (those to which a pointer was found) are not shown.
==1571== To see them, rerun with: --leak-check=full --show-leak-kinds=all
==1571== 
==1571== For lists of detected and suppressed errors, rerun with: -s
==1571== ERROR SUMMARY: 0 errors from 0 contexts (suppressed: 0 from 0)
==1572== 
==1572== HEAP SUMMARY:
==1572==     in use at exit: 2,306 bytes in 46 blocks
==1572==   total heap usage: 336 allocs, 290 frees, 192,319 bytes allocated
==1572== 
==1572== LEAK SUMMARY:
==1572==    definitely lost: 0 bytes in 0 blocks
==1572==    indirectly lost: 0 bytes in 0 blocks
==1572==      possibly lost: 0 bytes in 0 blocks
==1572==    still reachable: 2,306 bytes in 46 blocks
==1572==         suppressed: 0 bytes in 0 blocks
==1572== Reachable blocks (those to which a pointer was found) are not shown.
==1572== To see them, rerun with: --leak-check=full --show-leak-kinds=all
==1572== 
==1572== For lists of detected and suppressed errors, rerun with: -s
==1572== ERROR SUMMARY: 0 errors from 0 contexts (suppressed: 0 from 0)
==1573== 
==1573== HEAP SUMMARY:
==1573==     in use at exit: 2,380 bytes in 49 blocks
==1573==   total heap usage: 346 allocs, 297 frees, 202,062 bytes allocated
==1573== 
==1573== LEAK SUMMARY:
==1573==    definitely lost: 0 bytes in 0 blocks
==1573==    indirectly lost: 0 bytes in 0 blocks
==1573==      possibly lost: 0 bytes in 0 blocks
==1573==    still reachable: 2,380 bytes in 49 blocks
==1573==         suppressed: 0 bytes in 0 blocks
==1573== Reachable blocks (those to which a pointer was found) are not shown.
==1573== To see them, rerun with: --leak-check=full --show-leak-kinds=all
==1573== 
==1573== For lists of detected and suppressed errors, rerun with: -s
==1573== ERROR SUMMARY: 0 errors from 0 contexts (suppressed: 0 from 0)
==1574== 
==1574== HEAP SUMMARY:
==1574==     in use at exit: 2,486 bytes in 52 blocks
==1574==   total heap usage: 357 allocs, 305 frees, 213,437 bytes allocated
==1574== 
==1574== LEAK SUMMARY:
==1574==    definitely lost: 0 bytes in 0 blocks
==1574==    indirectly lost: 0 bytes in 0 blocks
==1574==      possibly lost: 0 bytes in 0 blocks
==1574==    still reachable: 2,486 bytes in 52 blocks
==1574==         suppressed: 0 bytes in 0 blocks
==1574== Reachable blocks (those to which a pointer was found) are not shown.
==1574== To see them, rerun with: --leak-check=full --show-leak-kinds=all
==1574== 
==1574== For lists of detected and suppressed errors, rerun with: -s
==1574== ERROR SUMMARY: 0 errors from 0 contexts (suppressed: 0 from 0)
==1575== 
==1575== HEAP SUMMARY:
==1575==     in use at exit: 2,560 bytes in 55 blocks
==1575==   total heap usage: 365 allocs, 310 frees, 221,396 bytes allocated
==1575== 
==1575== LEAK SUMMARY:
==1575==    definitely lost: 0 bytes in 0 blocks
==1575==    indirectly lost: 0 bytes in 0 blocks
==1575==      possibly lost: 0 bytes in 0 blocks
==1575==    still reachable: 2,560 bytes in 55 blocks
==1575==         suppressed: 0 bytes in 0 blocks
==1575== Reachable blocks (those to which a pointer was found) are not shown.
==1575== To see them, rerun with: --leak-check=full --show-leak-kinds=all
==1575== 
==1575== For lists of detected and suppressed errors, rerun with: -s
==1575== ERROR SUMMARY: 0 errors from 0 contexts (suppressed: 0 from 0)
==1576== 
==1576== HEAP SUMMARY:
==1576==     in use at exit: 2,084 bytes in 38 blocks
==1576==   total heap usage: 422 allocs, 384 frees, 234,095 bytes allocated
==1576== 
==1576== LEAK SUMMARY:
==1576==    definitely lost: 0 bytes in 0 blocks
==1576==    indirectly lost: 0 bytes in 0 blocks
==1576==      possibly lost: 0 bytes in 0 blocks
==1576==    still reachable: 2,084 bytes in 38 blocks
==1576==         suppressed: 0 bytes in 0 blocks
==1576== Reachable blocks (those to which a pointer was found) are not shown.
==1576== To see them, rerun with: --leak-check=full --show-leak-kinds=all
==1576== 
==1576== For lists of detected and suppressed errors, rerun with: -s
==1576== ERROR SUMMARY: 0 errors from 0 contexts (suppressed: 0 from 0)
==1577== 
==1577== HEAP SUMMARY:
==1577==     in use at exit: 2,158 bytes in 41 blocks
==1577==   total heap usage: 432 allocs, 391 frees, 243,814 bytes allocated
==1577== 
==1577== LEAK SUMMARY:
==1577==    definitely lost: 0 bytes in 0 blocks
==1577==    indirectly lost: 0 bytes in 0 blocks
==1577==      possibly lost: 0 bytes in 0 blocks
==1577==    still reachable: 2,158 bytes in 41 blocks
==1577==         suppressed: 0 bytes in 0 blocks
==1577== Reachable blocks (those to which a pointer was found) are not shown.
==1577== To see them, rerun with: --leak-check=full --show-leak-kinds=all
==1577== 
==1577== For lists of detected and suppressed errors, rerun with: -s
==1577== ERROR SUMMARY: 0 errors from 0 contexts (suppressed: 0 from 0)
==1578== 
==1578== HEAP SUMMARY:
==1578==     in use at exit: 2,240 bytes in 44 blocks
==1578==   total heap usage: 443 allocs, 399 frees, 253,549 bytes allocated
==1578== 
==1578== LEAK SUMMARY:
==1578==    definitely lost: 0 bytes in 0 blocks
==1578==    indirectly lost: 0 bytes in 0 blocks
==1578==      possibly lost: 0 bytes in 0 blocks
==1578==    still reachable: 2,240 bytes in 44 blocks
==1578==         suppressed: 0 bytes in 0 blocks
==1578== Reachable blocks (those to which a pointer was found) are not shown.
==1578== To see them, rerun with: --leak-check=full --show-leak-kinds=all
==1578== 
==1578== For lists of detected and suppressed errors, rerun with: -s
==1578== ERROR SUMMARY: 0 errors from 0 contexts (suppressed: 0 from 0)
==1579== 
==1579== HEAP SUMMARY:
==1579==     in use at exit: 2,330 bytes in 47 blocks
==1579==   total heap usage: 454 allocs, 407 frees, 263,300 bytes allocated
==1579== 
==1579== LEAK SUMMARY:
==1579==    definitely lost: 0 bytes in 0 blocks
==1579==    indirectly lost: 0 bytes in 0 blocks
==1579==      possibly lost: 0 bytes in 0 blocks
==1579==    still reachable: 2,330 bytes in 47 blocks
==1579==         suppressed: 0 bytes in 0 blocks
==1579== Reachable blocks (those to which a pointer was found) are not shown.
==1579== To see them, rerun with: --leak-check=full --show-leak-kinds=all
==1579== 
==1579== For lists of detected and suppressed errors, rerun with: -s
==1579== ERROR SUMMARY: 0 errors from 0 contexts (suppressed: 0 from 0)
==1580== 
==1580== HEAP SUMMARY:
==1580==     in use at exit: 2,404 bytes in 50 blocks
==1580==   total heap usage: 464 allocs, 414 frees, 272,763 bytes allocated
==1580== 
==1580== LEAK SUMMARY:
==1580==    definitely lost: 0 bytes in 0 blocks
==1580==    indirectly lost: 0 bytes in 0 blocks
==1580==      possibly lost: 0 bytes in 0 blocks
==1580==    still reachable: 2,404 bytes in 50 blocks
==1580==         suppressed: 0 bytes in 0 blocks
==1580== Reachable blocks (those to which a pointer was found) are not shown.
==1580== To see them, rerun with: --leak-check=full --show-leak-kinds=all
==1580== 
==1580== For lists of detected and suppressed errors, rerun with: -s
==1580== ERROR SUMMARY: 0 errors from 0 contexts (suppressed: 0 from 0)
==1581== 
==1581== HEAP SUMMARY:
==1581==     in use at exit: 2,510 bytes in 53 blocks
==1581==   total heap usage: 475 allocs, 422 frees, 282,546 bytes allocated
==1581== 
==1581== LEAK SUMMARY:
==1581==    definitely lost: 0 bytes in 0 blocks
==1581==    indirectly lost: 0 bytes in 0 blocks
==1581==      possibly lost: 0 bytes in 0 blocks
==1581==    still reachable: 2,510 bytes in 53 blocks
==1581==         suppressed: 0 bytes in 0 blocks
==1581== Reachable blocks (those to which a pointer was found) are not shown.
==1581== To see them, rerun with: --leak-check=full --show-leak-kinds=all
==1581== 
==1581== For lists of detected and suppressed errors, rerun with: -s
==1581== ERROR SUMMARY: 0 errors from 0 contexts (suppressed: 0 from 0)
==1582== 
==1582== HEAP SUMMARY:
==1582==     in use at exit: 2,584 bytes in 56 blocks
==1582==   total heap usage: 485 allocs, 429 frees, 292,265 bytes allocated
==1582== 
==1582== LEAK SUMMARY:
==1582==    definitely lost: 0 bytes in 0 blocks
==1582==    indirectly lost: 0 bytes in 0 blocks
==1582==      possibly lost: 0 bytes in 0 blocks
==1582==    still reachable: 2,584 bytes in 56 blocks
==1582==         suppressed: 0 bytes in 0 blocks
==1582== Reachable blocks (those to which a pointer was found) are not shown.
==1582== To see them, rerun with: --leak-check=full --show-leak-kinds=all
==1582== 
==1582== For lists of detected and suppressed errors, rerun with: -s
==1582== ERROR SUMMARY: 0 errors from 0 contexts (suppressed: 0 from 0)
==1583== 
==1583== HEAP SUMMARY:
==1583==     in use at exit: 2,658 bytes in 59 blocks
==1583==   total heap usage: 493 allocs, 434 frees, 301,824 bytes allocated
==1583== 
==1583== LEAK SUMMARY:
==1583==    definitely lost: 0 bytes in 0 blocks
==1583==    indirectly lost: 0 bytes in 0 blocks
==1583==      possibly lost: 0 bytes in 0 blocks
==1583==    still reachable: 2,658 bytes in 59 blocks
==1583==         suppressed: 0 bytes in 0 blocks
==1583== Reachable blocks (those to which a pointer was found) are not shown.
==1583== To see them, rerun with: --leak-check=full --show-leak-kinds=all
==1583== 
==1583== For lists of detected and suppressed errors, rerun with: -s
==1583== ERROR SUMMARY: 0 errors from 0 contexts (suppressed: 0 from 0)
==1584== 
==1584== HEAP SUMMARY:
==1584==     in use at exit: 2,084 bytes in 38 blocks
==1584==   total heap usage: 548 allocs, 510 frees, 314,299 bytes allocated
==1584== 
==1584== LEAK SUMMARY:
==1584==    definitely lost: 0 bytes in 0 blocks
==1584==    indirectly lost: 0 bytes in 0 blocks
==1584==      possibly lost: 0 bytes in 0 blocks
==1584==    still reachable: 2,084 bytes in 38 blocks
==1584==         suppressed: 0 bytes in 0 blocks
==1584== Reachable blocks (those to which a pointer was found) are not shown.
==1584== To see them, rerun with: --leak-check=full --show-leak-kinds=all
==1584== 
==1584== For lists of detected and suppressed errors, rerun with: -s
==1584== ERROR SUMMARY: 0 errors from 0 contexts (suppressed: 0 from 0)
==1585== 
==1585== HEAP SUMMARY:
==1585==     in use at exit: 2,158 bytes in 41 blocks
==1585==   total heap usage: 558 allocs, 517 frees, 324,018 bytes allocated
==1585== 
==1585== LEAK SUMMARY:
==1585==    definitely lost: 0 bytes in 0 blocks
==1585==    indirectly lost: 0 bytes in 0 blocks
==1585==      possibly lost: 0 bytes in 0 blocks
==1585==    still reachable: 2,158 bytes in 41 blocks
==1585==         suppressed: 0 bytes in 0 blocks
==1585== Reachable blocks (those to which a pointer was found) are not shown.
==1585== To see them, rerun with: --leak-check=full --show-leak-kinds=all
==1585== 
==1585== For lists of detected and suppressed errors, rerun with: -s
==1585== ERROR SUMMARY: 0 errors from 0 contexts (suppressed: 0 from 0)
==1586== 
==1586== HEAP SUMMARY:
==1586==     in use at exit: 2,240 bytes in 44 blocks
==1586==   total heap usage: 569 allocs, 525 frees, 333,753 bytes allocated
==1586== 
==1586== LEAK SUMMARY:
==1586==    definitely lost: 0 bytes in 0 blocks
==1586==    indirectly lost: 0 bytes in 0 blocks
==1586==      possibly lost: 0 bytes in 0 blocks
==1586==    still reachable: 2,240 bytes in 44 blocks
==1586==         suppressed: 0 bytes in 0 blocks
==1586== Reachable blocks (those to which a pointer was found) are not shown.
==1586== To see them, rerun with: --leak-check=full --show-leak-kinds=all
==1586== 
==1586== For lists of detected and suppressed errors, rerun with: -s
==1586== ERROR SUMMARY: 0 errors from 0 contexts (suppressed: 0 from 0)
==1587== 
==1587== HEAP SUMMARY:
==1587==     in use at exit: 2,330 bytes in 47 blocks
==1587==   total heap usage: 580 allocs, 533 frees, 343,504 bytes allocated
==1587== 
==1587== LEAK SUMMARY:
==1587==    definitely lost: 0 bytes in 0 blocks
==1587==    indirectly lost: 0 bytes in 0 blocks
==1587==      possibly lost: 0 bytes in 0 blocks
==1587==    still reachable: 2,330 bytes in 47 blocks
==1587==         suppressed: 0 bytes in 0 blocks
==1587== Reachable blocks (those to which a pointer was found) are not shown.
==1587== To see them, rerun with: --leak-check=full --show-leak-kinds=all
==1587== 
==1587== For lists of detected and suppressed errors, rerun with: -s
==1587== ERROR SUMMARY: 0 errors from 0 contexts (suppressed: 0 from 0)
==1588== 
==1588== HEAP SUMMARY:
==1588==     in use at exit: 2,404 bytes in 50 blocks
==1588==   total heap usage: 590 allocs, 540 frees, 352,967 bytes allocated
==1588== 
==1588== LEAK SUMMARY:
==1588==    definitely lost: 0 bytes in 0 blocks
==1588==    indirectly lost: 0 bytes in 0 blocks
==1588==      possibly lost: 0 bytes in 0 blocks
==1588==    still reachable: 2,404 bytes in 50 blocks
==1588==         suppressed: 0 bytes in 0 blocks
==1588== Reachable blocks (those to which a pointer was found) are not shown.
==1588== To see them, rerun with: --leak-check=full --show-leak-kinds=all
==1588== 
==1588== For lists of detected and suppressed errors, rerun with: -s
==1588== ERROR SUMMARY: 0 errors from 0 contexts (suppressed: 0 from 0)
==1589== 
==1589== HEAP SUMMARY:
==1589==     in use at exit: 2,510 bytes in 53 blocks
==1589==   total heap usage: 601 allocs, 548 frees, 362,750 bytes allocated
==1589== 
==1589== LEAK SUMMARY:
==1589==    definitely lost: 0 bytes in 0 blocks
==1589==    indirectly lost: 0 bytes in 0 blocks
==1589==      possibly lost: 0 bytes in 0 blocks
==1589==    still reachable: 2,510 bytes in 53 blocks
==1589==         suppressed: 0 bytes in 0 blocks
==1589== Reachable blocks (those to which a pointer was found) are not shown.
==1589== To see them, rerun with: --leak-check=full --show-leak-kinds=all
==1589== 
==1589== For lists of detected and suppressed errors, rerun with: -s
==1589== ERROR SUMMARY: 0 errors from 0 contexts (suppressed: 0 from 0)
==1590== 
==1590== HEAP SUMMARY:
==1590==     in use at exit: 2,584 bytes in 56 blocks
==1590==   total heap usage: 611 allocs, 555 frees, 372,469 bytes allocated
==1590== 
==1590== LEAK SUMMARY:
==1590==    definitely lost: 0 bytes in 0 blocks
==1590==    indirectly lost: 0 bytes in 0 blocks
==1590==      possibly lost: 0 bytes in 0 blocks
==1590==    still reachable: 2,584 bytes in 56 blocks
==1590==         suppressed: 0 bytes in 0 blocks
==1590== Reachable blocks (those to which a pointer was found) are not shown.
==1590== To see them, rerun with: --leak-check=full --show-leak-kinds=all
==1590== 
==1590== For lists of detected and suppressed errors, rerun with: -s
==1590== ERROR SUMMARY: 0 errors from 0 contexts (suppressed: 0 from 0)
==1591== 
==1591== HEAP SUMMARY:
==1591==     in use at exit: 2,658 bytes in 59 blocks
==1591==   total heap usage: 619 allocs, 560 frees, 382,028 bytes allocated
==1591== 
==1591== LEAK SUMMARY:
==1591==    definitely lost: 0 bytes in 0 blocks
==1591==    indirectly lost: 0 bytes in 0 blocks
==1591==      possibly lost: 0 bytes in 0 blocks
==1591==    still reachable: 2,658 bytes in 59 blocks
==1591==         suppressed: 0 bytes in 0 blocks
==1591== Reachable blocks (those to which a pointer was found) are not shown.
==1591== To see them, rerun with: --leak-check=full --show-leak-kinds=all
==1591== 
==1591== For lists of detected and suppressed errors, rerun with: -s
==1591== ERROR SUMMARY: 0 errors from 0 contexts (suppressed: 0 from 0)
==1592== 
==1592== HEAP SUMMARY:
==1592==     in use at exit: 2,036 bytes in 36 blocks
==1592==   total heap usage: 671 allocs, 635 frees, 394,295 bytes allocated
==1592== 
==1592== LEAK SUMMARY:
==1592==    definitely lost: 0 bytes in 0 blocks
==1592==    indirectly lost: 0 bytes in 0 blocks
==1592==      possibly lost: 0 bytes in 0 blocks
==1592==    still reachable: 2,036 bytes in 36 blocks
==1592==         suppressed: 0 bytes in 0 blocks
==1592== Reachable blocks (those to which a pointer was found) are not shown.
==1592== To see them, rerun with: --leak-check=full --show-leak-kinds=all
==1592== 
==1592== For lists of detected and suppressed errors, rerun with: -s
==1592== ERROR SUMMARY: 0 errors from 0 contexts (suppressed: 0 from 0)
==1593== 
==1593== HEAP SUMMARY:
==1593==     in use at exit: 2,110 bytes in 39 blocks
==1593==   total heap usage: 681 allocs, 642 frees, 404,014 bytes allocated
==1593== 
==1593== LEAK SUMMARY:
==1593==    definitely lost: 0 bytes in 0 blocks
==1593==    indirectly lost: 0 bytes in 0 blocks
==1593==      possibly lost: 0 bytes in 0 blocks
==1593==    still reachable: 2,110 bytes in 39 blocks
==1593==         suppressed: 0 bytes in 0 blocks
==1593== Reachable blocks (those to which a pointer was found) are not shown.
==1593== To see them, rerun with: --leak-check=full --show-leak-kinds=all
==1593== 
==1593== For lists of detected and suppressed errors, rerun with: -s
==1593== ERROR SUMMARY: 0 errors from 0 contexts (suppressed: 0 from 0)
==1594== 
==1594== HEAP SUMMARY:
==1594==     in use at exit: 2,192 bytes in 42 blocks
==1594==   total heap usage: 692 allocs, 650 frees, 413,557 bytes allocated
==1594== 
==1594== LEAK SUMMARY:
==1594==    definitely lost: 0 bytes in 0 blocks
==1594==    indirectly lost: 0 bytes in 0 blocks
==1594==      possibly lost: 0 bytes in 0 blocks
==1594==    still reachable: 2,192 bytes in 42 blocks
==1594==         suppressed: 0 bytes in 0 blocks
==1594== Reachable blocks (those to which a pointer was found) are not shown.
==1594== To see them, rerun with: --leak-check=full --show-leak-kinds=all
==1594== 
==1594== For lists of detected and suppressed errors, rerun with: -s
==1594== ERROR SUMMARY: 0 errors from 0 contexts (suppressed: 0 from 0)
==1595== 
==1595== HEAP SUMMARY:
==1595==     in use at exit: 2,282 bytes in 45 blocks
==1595==   total heap usage: 703 allocs, 658 frees, 423,308 bytes allocated
==1595== 
==1595== LEAK SUMMARY:
==1595==    definitely lost: 0 bytes in 0 blocks
==1595==    indirectly lost: 0 bytes in 0 blocks
==1595==      possibly lost: 0 bytes in 0 blocks
==1595==    still reachable: 2,282 bytes in 45 blocks
==1595==         suppressed: 0 bytes in 0 blocks
==1595== Reachable blocks (those to which a pointer was found) are not shown.
==1595== To see them, rerun with: --leak-check=full --show-leak-kinds=all
==1595== 
==1595== For lists of detected and suppressed errors, rerun with: -s
==1595== ERROR SUMMARY: 0 errors from 0 contexts (suppressed: 0 from 0)
==1596== 
==1596== HEAP SUMMARY:
==1596==     in use at exit: 2,356 bytes in 48 blocks
==1596==   total heap usage: 713 allocs, 665 frees, 432,787 bytes allocated
==1596== 
==1596== LEAK SUMMARY:
==1596==    definitely lost: 0 bytes in 0 blocks
==1596==    indirectly lost: 0 bytes in 0 blocks
==1596==      possibly lost: 0 bytes in 0 blocks
==1596==    still reachable: 2,356 bytes in 48 blocks
==1596==         suppressed: 0 bytes in 0 blocks
==1596== Reachable blocks (those to which a pointer was found) are not shown.
==1596== To see them, rerun with: --leak-check=full --show-leak-kinds=all
==1596== 
==1596== For lists of detected and suppressed errors, rerun with: -s
==1596== ERROR SUMMARY: 0 errors from 0 contexts (suppressed: 0 from 0)
==1597== 
==1597== HEAP SUMMARY:
==1597==     in use at exit: 2,462 bytes in 51 blocks
==1597==   total heap usage: 721 allocs, 670 frees, 442,522 bytes allocated
==1597== 
==1597== LEAK SUMMARY:
==1597==    definitely lost: 0 bytes in 0 blocks
==1597==    indirectly lost: 0 bytes in 0 blocks
==1597==      possibly lost: 0 bytes in 0 blocks
==1597==    still reachable: 2,462 bytes in 51 blocks
==1597==         suppressed: 0 bytes in 0 blocks
==1597== Reachable blocks (those to which a pointer was found) are not shown.
==1597== To see them, rerun with: --leak-check=full --show-leak-kinds=all
==1597== 
==1597== For lists of detected and suppressed errors, rerun with: -s
==1597== ERROR SUMMARY: 0 errors from 0 contexts (suppressed: 0 from 0)
==1598== 
==1598== HEAP SUMMARY:
==1598==     in use at exit: 2,060 bytes in 37 blocks
==1598==   total heap usage: 777 allocs, 740 frees, 455,197 bytes allocated
==1598== 
==1598== LEAK SUMMARY:
==1598==    definitely lost: 0 bytes in 0 blocks
==1598==    indirectly lost: 0 bytes in 0 blocks
==1598==      possibly lost: 0 bytes in 0 blocks
==1598==    still reachable: 2,060 bytes in 37 blocks
==1598==         suppressed: 0 bytes in 0 blocks
==1598== Reachable blocks (those to which a pointer was found) are not shown.
==1598== To see them, rerun with: --leak-check=full --show-leak-kinds=all
==1598== 
==1598== For lists of detected and suppressed errors, rerun with: -s
==1598== ERROR SUMMARY: 0 errors from 0 contexts (suppressed: 0 from 0)
==1599== 
==1599== HEAP SUMMARY:
==1599==     in use at exit: 2,134 bytes in 40 blocks
==1599==   total heap usage: 787 allocs, 747 frees, 464,916 bytes allocated
==1599== 
==1599== LEAK SUMMARY:
==1599==    definitely lost: 0 bytes in 0 blocks
==1599==    indirectly lost: 0 bytes in 0 blocks
==1599==      possibly lost: 0 bytes in 0 blocks
==1599==    still reachable: 2,134 bytes in 40 blocks
==1599==         suppressed: 0 bytes in 0 blocks
==1599== Reachable blocks (those to which a pointer was found) are not shown.
==1599== To see them, rerun with: --leak-check=full --show-leak-kinds=all
==1599== 
==1599== For lists of detected and suppressed errors, rerun with: -s
==1599== ERROR SUMMARY: 0 errors from 0 contexts (suppressed: 0 from 0)
==1600== 
==1600== HEAP SUMMARY:
==1600==     in use at exit: 2,216 bytes in 43 blocks
==1600==   total heap usage: 798 allocs, 755 frees, 474,651 bytes allocated
==1600== 
==1600== LEAK SUMMARY:
==1600==    definitely lost: 0 bytes in 0 blocks
==1600==    indirectly lost: 0 bytes in 0 blocks
==1600==      possibly lost: 0 bytes in 0 blocks
==1600==    still reachable: 2,216 bytes in 43 blocks
==1600==         suppressed: 0 bytes in 0 blocks
==1600== Reachable blocks (those to which a pointer was found) are not shown.
==1600== To see them, rerun with: --leak-check=full --show-leak-kinds=all
==1600== 
==1600== For lists of detected and suppressed errors, rerun with: -s
==1600== ERROR SUMMARY: 0 errors from 0 contexts (suppressed: 0 from 0)
==1601== 
==1601== HEAP SUMMARY:
==1601==     in use at exit: 2,306 bytes in 46 blocks
==1601==   total heap usage: 809 allocs, 763 frees, 484,258 bytes allocated
==1601== 
==1601== LEAK SUMMARY:
==1601==    definitely lost: 0 bytes in 0 blocks
==1601==    indirectly lost: 0 bytes in 0 blocks
==1601==      possibly lost: 0 bytes in 0 blocks
==1601==    still reachable: 2,306 bytes in 46 blocks
==1601==         suppressed: 0 bytes in 0 blocks
==1601== Reachable blocks (those to which a pointer was found) are not shown.
==1601== To see them, rerun with: --leak-check=full --show-leak-kinds=all
==1601== 
==1601== For lists of detected and suppressed errors, rerun with: -s
==1601== ERROR SUMMARY: 0 errors from 0 contexts (suppressed: 0 from 0)
==1602== 
==1602== HEAP SUMMARY:
==1602==     in use at exit: 2,380 bytes in 49 blocks
==1602==   total heap usage: 819 allocs, 770 frees, 493,545 bytes allocated
==1602== 
==1602== LEAK SUMMARY:
==1602==    definitely lost: 0 bytes in 0 blocks
==1602==    indirectly lost: 0 bytes in 0 blocks
==1602==      possibly lost: 0 bytes in 0 blocks
==1602==    still reachable: 2,380 bytes in 49 blocks
==1602==         suppressed: 0 bytes in 0 blocks
==1602== Reachable blocks (those to which a pointer was found) are not shown.
==1602== To see them, rerun with: --leak-check=full --show-leak-kinds=all
==1602== 
==1602== For lists of detected and suppressed errors, rerun with: -s
==1602== ERROR SUMMARY: 0 errors from 0 contexts (suppressed: 0 from 0)
==1603== 
==1603== HEAP SUMMARY:
==1603==     in use at exit: 2,486 bytes in 52 blocks
==1603==   total heap usage: 826 allocs, 774 frees, 503,264 bytes allocated
==1603== 
==1603== LEAK SUMMARY:
==1603==    definitely lost: 0 bytes in 0 blocks
==1603==    indirectly lost: 0 bytes in 0 blocks
==1603==      possibly lost: 0 bytes in 0 blocks
==1603==    still reachable: 2,486 bytes in 52 blocks
==1603==         suppressed: 0 bytes in 0 blocks
==1603== Reachable blocks (those to which a pointer was found) are not shown.
==1603== To see them, rerun with: --leak-check=full --show-leak-kinds=all
==1603== 
==1603== For lists of detected and suppressed errors, rerun with: -s
==1603== ERROR SUMMARY: 0 errors from 0 contexts (suppressed: 0 from 0)
==1604== 
==1604== HEAP SUMMARY:
==1604==     in use at exit: 2,560 bytes in 55 blocks
==1604==   total heap usage: 838 allocs, 783 frees, 513,095 bytes allocated
==1604== 
==1604== LEAK SUMMARY:
==1604==    definitely lost: 0 bytes in 0 blocks
==1604==    indirectly lost: 0 bytes in 0 blocks
==1604==      possibly lost: 0 bytes in 0 blocks
==1604==    still reachable: 2,560 bytes in 55 blocks
==1604==         suppressed: 0 bytes in 0 blocks
==1604== Reachable blocks (those to which a pointer was found) are not shown.
==1604== To see them, rerun with: --leak-check=full --show-leak-kinds=all
==1604== 
==1604== For lists of detected and suppressed errors, rerun with: -s
==1604== ERROR SUMMARY: 0 errors from 0 contexts (suppressed: 0 from 0)
==1605== 
==1605== HEAP SUMMARY:
==1605==     in use at exit: 1,932 bytes in 33 blocks
==1605==   total heap usage: 883 allocs, 850 frees, 524,858 bytes allocated
==1605== 
==1605== LEAK SUMMARY:
==1605==    definitely lost: 0 bytes in 0 blocks
==1605==    indirectly lost: 0 bytes in 0 blocks
==1605==      possibly lost: 0 bytes in 0 blocks
==1605==    still reachable: 1,932 bytes in 33 blocks
==1605==         suppressed: 0 bytes in 0 blocks
==1605== Reachable blocks (those to which a pointer was found) are not shown.
==1605== To see them, rerun with: --leak-check=full --show-leak-kinds=all
==1605== 
==1605== For lists of detected and suppressed errors, rerun with: -s
==1605== ERROR SUMMARY: 0 errors from 0 contexts (suppressed: 0 from 0)
==1606== 
==1606== HEAP SUMMARY:
==1606==     in use at exit: 2,006 bytes in 36 blocks
==1606==   total heap usage: 896 allocs, 860 frees, 534,945 bytes allocated
==1606== 
==1606== LEAK SUMMARY:
==1606==    definitely lost: 0 bytes in 0 blocks
==1606==    indirectly lost: 0 bytes in 0 blocks
==1606==      possibly lost: 0 bytes in 0 blocks
==1606==    still reachable: 2,006 bytes in 36 blocks
==1606==         suppressed: 0 bytes in 0 blocks
==1606== Reachable blocks (those to which a pointer was found) are not shown.
==1606== To see them, rerun with: --leak-check=full --show-leak-kinds=all
==1606== 
==1606== For lists of detected and suppressed errors, rerun with: -s
==1606== ERROR SUMMARY: 0 errors from 0 contexts (suppressed: 0 from 0)
==1607== 
==1607== HEAP SUMMARY:
==1607==     in use at exit: 2,088 bytes in 39 blocks
==1607==   total heap usage: 907 allocs, 868 frees, 544,520 bytes allocated
==1607== 
==1607== LEAK SUMMARY:
==1607==    definitely lost: 0 bytes in 0 blocks
==1607==    indirectly lost: 0 bytes in 0 blocks
==1607==      possibly lost: 0 bytes in 0 blocks
==1607==    still reachable: 2,088 bytes in 39 blocks
==1607==         suppressed: 0 bytes in 0 blocks
==1607== Reachable blocks (those to which a pointer was found) are not shown.
==1607== To see them, rerun with: --leak-check=full --show-leak-kinds=all
==1607== 
==1607== For lists of detected and suppressed errors, rerun with: -s
==1607== ERROR SUMMARY: 0 errors from 0 contexts (suppressed: 0 from 0)
==1608== 
==1608== HEAP SUMMARY:
==1608==     in use at exit: 2,036 bytes in 36 blocks
==1608==   total heap usage: 956 allocs, 920 frees, 556,355 bytes allocated
==1608== 
==1608== LEAK SUMMARY:
==1608==    definitely lost: 0 bytes in 0 blocks
==1608==    indirectly lost: 0 bytes in 0 blocks
==1608==      possibly lost: 0 bytes in 0 blocks
==1608==    still reachable: 2,036 bytes in 36 blocks
==1608==         suppressed: 0 bytes in 0 blocks
==1608== Reachable blocks (those to which a pointer was found) are not shown.
==1608== To see them, rerun with: --leak-check=full --show-leak-kinds=all
==1608== 
==1608== For lists of detected and suppressed errors, rerun with: -s
==1608== ERROR SUMMARY: 0 errors from 0 contexts (suppressed: 0 from 0)
==1609== 
==1609== HEAP SUMMARY:
==1609==     in use at exit: 2,110 bytes in 39 blocks
==1609==   total heap usage: 967 allocs, 928 frees, 566,098 bytes allocated
==1609== 
==1609== LEAK SUMMARY:
==1609==    definitely lost: 0 bytes in 0 blocks
==1609==    indirectly lost: 0 bytes in 0 blocks
==1609==      possibly lost: 0 bytes in 0 blocks
==1609==    still reachable: 2,110 bytes in 39 blocks
==1609==         suppressed: 0 bytes in 0 blocks
==1609== Reachable blocks (those to which a pointer was found) are not shown.
==1609== To see them, rerun with: --leak-check=full --show-leak-kinds=all
==1609== 
==1609== For lists of detected and suppressed errors, rerun with: -s
==1609== ERROR SUMMARY: 0 errors from 0 contexts (suppressed: 0 from 0)
==1610== 
==1610== HEAP SUMMARY:
==1610==     in use at exit: 2,192 bytes in 42 blocks
==1610==   total heap usage: 978 allocs, 936 frees, 575,825 bytes allocated
==1610== 
==1610== LEAK SUMMARY:
==1610==    definitely lost: 0 bytes in 0 blocks
==1610==    indirectly lost: 0 bytes in 0 blocks
==1610==      possibly lost: 0 bytes in 0 blocks
==1610==    still reachable: 2,192 bytes in 42 blocks
==1610==         suppressed: 0 bytes in 0 blocks
==1610== Reachable blocks (those to which a pointer was found) are not shown.
==1610== To see them, rerun with: --leak-check=full --show-leak-kinds=all
==1610== 
==1610== For lists of detected and suppressed errors, rerun with: -s
==1610== ERROR SUMMARY: 0 errors from 0 contexts (suppressed: 0 from 0)
==1611== 
==1611== HEAP SUMMARY:
==1611==     in use at exit: 2,282 bytes in 45 blocks
==1611==   total heap usage: 992 allocs, 947 frees, 585,800 bytes allocated
==1611== 
==1611== LEAK SUMMARY:
==1611==    definitely lost: 0 bytes in 0 blocks
==1611==    indirectly lost: 0 bytes in 0 blocks
==1611==      possibly lost: 0 bytes in 0 blocks
==1611==    still reachable: 2,282 bytes in 45 blocks
==1611==         suppressed: 0 bytes in 0 blocks
==1611== Reachable blocks (those to which a pointer was found) are not shown.
==1611== To see them, rerun with: --leak-check=full --show-leak-kinds=all
==1611== 
==1611== For lists of detected and suppressed errors, rerun with: -s
==1611== ERROR SUMMARY: 0 errors from 0 contexts (suppressed: 0 from 0)
==1612== 
==1612== HEAP SUMMARY:
==1612==     in use at exit: 2,356 bytes in 48 blocks
==1612==   total heap usage: 999 allocs, 951 frees, 595,327 bytes allocated
==1612== 
==1612== LEAK SUMMARY:
==1612==    definitely lost: 0 bytes in 0 blocks
==1612==    indirectly lost: 0 bytes in 0 blocks
==1612==      possibly lost: 0 bytes in 0 blocks
==1612==    still reachable: 2,356 bytes in 48 blocks
==1612==         suppressed: 0 bytes in 0 blocks
==1612== Reachable blocks (those to which a pointer was found) are not shown.
==1612== To see them, rerun with: --leak-check=full --show-leak-kinds=all
==1612== 
==1612== For lists of detected and suppressed errors, rerun with: -s
==1612== ERROR SUMMARY: 0 errors from 0 contexts (suppressed: 0 from 0)
==1613== 
==1613== HEAP SUMMARY:
==1613==     in use at exit: 2,462 bytes in 51 blocks
==1613==   total heap usage: 29,970 allocs, 29,919 frees, 2,590,278 bytes allocated
==1613== 
==1613== LEAK SUMMARY:
==1613==    definitely lost: 0 bytes in 0 blocks
==1613==    indirectly lost: 0 bytes in 0 blocks
==1613==      possibly lost: 0 bytes in 0 blocks
==1613==    still reachable: 2,462 bytes in 51 blocks
==1613==         suppressed: 0 bytes in 0 blocks
==1613== Reachable blocks (those to which a pointer was found) are not shown.
==1613== To see them, rerun with: --leak-check=full --show-leak-kinds=all
==1613== 
==1613== For lists of detected and suppressed errors, rerun with: -s
==1613== ERROR SUMMARY: 0 errors from 0 contexts (suppressed: 0 from 0)
==1614== 
==1614== HEAP SUMMARY:
==1614==     in use at exit: 1,956 bytes in 34 blocks
==1614==   total heap usage: 1,124 allocs, 1,090 frees, 621,281 bytes allocated
==1614== 
==1614== LEAK SUMMARY:
==1614==    definitely lost: 0 bytes in 0 blocks
==1614==    indirectly lost: 0 bytes in 0 blocks
==1614==      possibly lost: 0 bytes in 0 blocks
==1614==    still reachable: 1,956 bytes in 34 blocks
==1614==         suppressed: 0 bytes in 0 blocks
==1614== Reachable blocks (those to which a pointer was found) are not shown.
==1614== To see them, rerun with: --leak-check=full --show-leak-kinds=all
==1614== 
==1614== For lists of detected and suppressed errors, rerun with: -s
==1614== ERROR SUMMARY: 0 errors from 0 contexts (suppressed: 0 from 0)
==1615== 
==1615== HEAP SUMMARY:
==1615==     in use at exit: 2,030 bytes in 37 blocks
==1615==   total heap usage: 1,125 allocs, 1,088 frees, 630,568 bytes allocated
==1615== 
==1615== LEAK SUMMARY:
==1615==    definitely lost: 0 bytes in 0 blocks
==1615==    indirectly lost: 0 bytes in 0 blocks
==1615==      possibly lost: 0 bytes in 0 blocks
==1615==    still reachable: 2,030 bytes in 37 blocks
==1615==         suppressed: 0 bytes in 0 blocks
==1615== Reachable blocks (those to which a pointer was found) are not shown.
==1615== To see them, rerun with: --leak-check=full --show-leak-kinds=all
==1615== 
==1615== For lists of detected and suppressed errors, rerun with: -s
==1615== ERROR SUMMARY: 0 errors from 0 contexts (suppressed: 0 from 0)
==1616== 
==1616== HEAP SUMMARY:
==1616==     in use at exit: 2,112 bytes in 40 blocks
==1616==   total heap usage: 1,079 allocs, 1,039 frees, 636,543 bytes allocated
==1616== 
==1616== LEAK SUMMARY:
==1616==    definitely lost: 0 bytes in 0 blocks
==1616==    indirectly lost: 0 bytes in 0 blocks
==1616==      possibly lost: 0 bytes in 0 blocks
==1616==    still reachable: 2,112 bytes in 40 blocks
==1616==         suppressed: 0 bytes in 0 blocks
==1616== Reachable blocks (those to which a pointer was found) are not shown.
==1616== To see them, rerun with: --leak-check=full --show-leak-kinds=all
==1616== 
==1616== For lists of detected and suppressed errors, rerun with: -s
==1616== ERROR SUMMARY: 0 errors from 0 contexts (suppressed: 0 from 0)
==1617== 
==1617== HEAP SUMMARY:
==1617==     in use at exit: 2,202 bytes in 43 blocks
==1617==   total heap usage: 1,090 allocs, 1,047 frees, 646,214 bytes allocated
==1617== 
==1617== LEAK SUMMARY:
==1617==    definitely lost: 0 bytes in 0 blocks
==1617==    indirectly lost: 0 bytes in 0 blocks
==1617==      possibly lost: 0 bytes in 0 blocks
==1617==    still reachable: 2,202 bytes in 43 blocks
==1617==         suppressed: 0 bytes in 0 blocks
==1617== Reachable blocks (those to which a pointer was found) are not shown.
==1617== To see them, rerun with: --leak-check=full --show-leak-kinds=all
==1617== 
==1617== For lists of detected and suppressed errors, rerun with: -s
==1617== ERROR SUMMARY: 0 errors from 0 contexts (suppressed: 0 from 0)
==1618== 
==1618== HEAP SUMMARY:
==1618==     in use at exit: 2,172 bytes in 36 blocks
==1618==   total heap usage: 1,216 allocs, 1,180 frees, 663,481 bytes allocated
==1618== 
==1618== 160 bytes in 1 blocks are definitely lost in loss record 35 of 36
==1618==    at 0x48A6BD2: calloc (vg_replace_malloc.c:1117)
==1618==    by 0x10B306: s21_create_matrix (in /root/Matrix.h/src/test.out)
==1618==    by 0x10BED8: s21_inverse_matrix (in /root/Matrix.h/src/test.out)
==1618==    by 0x1140A3: s21_inverse_matrix_01_fn (in /root/Matrix.h/src/test.out)
==1618==    by 0x48B663A: srunner_run_tagged (in /usr/lib/libcheck.so.0.0.0)
==1618==    by 0x1158FD: main (in /root/Matrix.h/src/test.out)
==1618== 
==1618== LEAK SUMMARY:
==1618==    definitely lost: 160 bytes in 1 blocks
==1618==    indirectly lost: 0 bytes in 0 blocks
==1618==      possibly lost: 0 bytes in 0 blocks
==1618==    still reachable: 2,012 bytes in 35 blocks
==1618==         suppressed: 0 bytes in 0 blocks
==1618== Reachable blocks (those to which a pointer was found) are not shown.
==1618== To see them, rerun with: --leak-check=full --show-leak-kinds=all
==1618== 
==1618== For lists of detected and suppressed errors, rerun with: -s
==1618== ERROR SUMMARY: 1 errors from 1 contexts (suppressed: 0 from 0)
==1619== 
==1619== HEAP SUMMARY:
==1619==     in use at exit: 2,086 bytes in 38 blocks
==1619==   total heap usage: 1,153 allocs, 1,115 frees, 667,937 bytes allocated
==1619== 
==1619== LEAK SUMMARY:
==1619==    definitely lost: 0 bytes in 0 blocks
==1619==    indirectly lost: 0 bytes in 0 blocks
==1619==      possibly lost: 0 bytes in 0 blocks
==1619==    still reachable: 2,086 bytes in 38 blocks
==1619==         suppressed: 0 bytes in 0 blocks
==1619== Reachable blocks (those to which a pointer was found) are not shown.
==1619== To see them, rerun with: --leak-check=full --show-leak-kinds=all
==1619== 
==1619== For lists of detected and suppressed errors, rerun with: -s
==1619== ERROR SUMMARY: 0 errors from 0 contexts (suppressed: 0 from 0)
==1620== 
==1620== HEAP SUMMARY:
==1620==     in use at exit: 2,168 bytes in 41 blocks
==1620==   total heap usage: 1,166 allocs, 1,125 frees, 677,869 bytes allocated
==1620== 
==1620== LEAK SUMMARY:
==1620==    definitely lost: 0 bytes in 0 blocks
==1620==    indirectly lost: 0 bytes in 0 blocks
==1620==      possibly lost: 0 bytes in 0 blocks
==1620==    still reachable: 2,168 bytes in 41 blocks
==1620==         suppressed: 0 bytes in 0 blocks
==1620== Reachable blocks (those to which a pointer was found) are not shown.
==1620== To see them, rerun with: --leak-check=full --show-leak-kinds=all
==1620== 
==1620== For lists of detected and suppressed errors, rerun with: -s
==1620== ERROR SUMMARY: 0 errors from 0 contexts (suppressed: 0 from 0)
==1621== 
==1621== HEAP SUMMARY:
==1621==     in use at exit: 2,258 bytes in 44 blocks
==1621==   total heap usage: 1,174 allocs, 1,130 frees, 687,452 bytes allocated
==1621== 
==1621== LEAK SUMMARY:
==1621==    definitely lost: 0 bytes in 0 blocks
==1621==    indirectly lost: 0 bytes in 0 blocks
==1621==      possibly lost: 0 bytes in 0 blocks
==1621==    still reachable: 2,258 bytes in 44 blocks
==1621==         suppressed: 0 bytes in 0 blocks
==1621== Reachable blocks (those to which a pointer was found) are not shown.
==1621== To see them, rerun with: --leak-check=full --show-leak-kinds=all
==1621== 
==1621== For lists of detected and suppressed errors, rerun with: -s
==1621== ERROR SUMMARY: 0 errors from 0 contexts (suppressed: 0 from 0)
==1622== 
==1622== HEAP SUMMARY:
==1622==     in use at exit: 2,332 bytes in 47 blocks
==1622==   total heap usage: 1,184 allocs, 1,137 frees, 697,195 bytes allocated
==1622== 
==1622== LEAK SUMMARY:
==1622==    definitely lost: 0 bytes in 0 blocks
==1622==    indirectly lost: 0 bytes in 0 blocks
==1622==      possibly lost: 0 bytes in 0 blocks
==1622==    still reachable: 2,332 bytes in 47 blocks
==1622==         suppressed: 0 bytes in 0 blocks
==1622== Reachable blocks (those to which a pointer was found) are not shown.
==1622== To see them, rerun with: --leak-check=full --show-leak-kinds=all
==1622== 
==1622== For lists of detected and suppressed errors, rerun with: -s
==1622== ERROR SUMMARY: 0 errors from 0 contexts (suppressed: 0 from 0)
==1552== 
==1552== HEAP SUMMARY:
==1552==     in use at exit: 0 bytes in 0 blocks
==1552==   total heap usage: 1,188 allocs, 1,188 frees, 706,892 bytes allocated
==1552== 
==1552== All heap blocks were freed -- no leaks are possible
==1552== 
==1552== For lists of detected and suppressed errors, rerun with: -s
==1552== ERROR SUMMARY: 0 errors from 0 contexts (suppressed: 0 from 0)
